{"level":"info","message":"Connected to MongoDB...","timestamp":"2019-03-29T12:22:46.306Z"}
{"level":"info","message":"Connected to MongoDB...","timestamp":"2019-03-29T12:29:37.663Z"}
{"level":"info","message":"Connected to MongoDB...","timestamp":"2019-03-29T12:30:10.962Z"}
{"level":"info","message":"Connected to MongoDB...","timestamp":"2019-03-29T12:30:58.029Z"}
{"level":"info","message":"Listening on port 3000...","timestamp":"2019-04-01T09:00:46.556Z"}
{"level":"info","message":"Listening on port 3000...","timestamp":"2019-04-01T09:07:19.219Z"}
{"level":"info","message":"Connected to mongodb://localhost/vidly...","timestamp":"2019-04-01T09:07:20.296Z"}
{"level":"info","message":"Listening on port 3000...","timestamp":"2019-04-01T09:11:53.206Z"}
{"level":"info","message":"Connected to mongodb://localhost/vidly...","timestamp":"2019-04-01T09:11:54.258Z"}
{"level":"info","message":"Listening on port 3000...","timestamp":"2019-04-01T09:12:45.591Z"}
{"level":"info","message":"Connected to mongodb://localhost/vidly_tests...","timestamp":"2019-04-01T09:12:46.652Z"}
{"level":"info","message":"Listening on port 3000...","timestamp":"2019-04-01T09:47:15.514Z"}
{"level":"error","message":"Could not get the genres.","timestamp":"2019-04-01T09:47:15.537Z"}
{"level":"info","message":"Listening on port 3000...","timestamp":"2019-04-01T09:47:21.974Z"}
{"level":"error","message":"Could not get the genres.","timestamp":"2019-04-01T09:47:21.984Z"}
{"level":"info","message":"Listening on port 3000...","timestamp":"2019-04-01T09:49:08.202Z"}
{"level":"error","message":"Could not get the genres.","timestamp":"2019-04-01T09:49:08.212Z"}
{"level":"info","message":"Connected to mongodb://localhost/vidly_tests...","timestamp":"2019-04-01T09:49:09.263Z"}
{"level":"info","message":"Listening on port 3000...","timestamp":"2019-04-01T09:55:08.488Z"}
{"level":"error","message":"Could not get the genres.","timestamp":"2019-04-01T09:55:08.498Z"}
{"level":"info","message":"Connected to mongodb://localhost/vidly_tests...","timestamp":"2019-04-01T09:55:09.556Z"}
{"level":"info","message":"Listening on port 3000...","timestamp":"2019-04-01T10:05:44.267Z"}
{"level":"error","message":"Could not get the genres.","timestamp":"2019-04-01T10:05:44.279Z"}
{"level":"info","message":"Connected to mongodb://localhost/vidly_tests...","timestamp":"2019-04-01T10:05:45.472Z"}
{"level":"info","message":"Listening on port 3000...","timestamp":"2019-04-01T10:20:08.057Z"}
{"level":"error","message":"Could not get the genres.","timestamp":"2019-04-01T10:20:08.066Z"}
{"level":"info","message":"Connected to mongodb://localhost/vidly_tests...","timestamp":"2019-04-01T10:20:09.095Z"}
{"level":"info","message":"Listening on port 3000...","timestamp":"2019-04-01T10:21:26.075Z"}
{"level":"error","message":"Could not get the genres.","timestamp":"2019-04-01T10:21:26.087Z"}
{"level":"info","message":"Connected to mongodb://localhost/vidly_tests...","timestamp":"2019-04-01T10:21:27.138Z"}
{"level":"info","message":"Listening on port 3000...","timestamp":"2019-04-01T10:21:57.491Z"}
{"level":"info","message":"Connected to mongodb://localhost/vidly_tests...","timestamp":"2019-04-01T10:21:58.557Z"}
{"level":"info","message":"Listening on port 3000...","timestamp":"2019-04-01T10:29:00.621Z"}
{"level":"info","message":"Connected to mongodb://localhost/vidly_tests...","timestamp":"2019-04-01T10:29:01.655Z"}
{"level":"error","message":"Cast to ObjectId failed for value \"1\" at path \"_id\" for model \"Genre\"","timestamp":"2019-04-01T10:29:02.697Z"}
{"level":"info","message":"Listening on port 3000...","timestamp":"2019-04-01T10:34:00.430Z"}
{"level":"info","message":"Connected to mongodb://localhost/vidly_tests...","timestamp":"2019-04-01T10:34:01.462Z"}
{"level":"info","message":"Listening on port 3000...","timestamp":"2019-04-01T10:38:30.752Z"}
{"level":"info","message":"Connected to mongodb://localhost/vidly_tests...","timestamp":"2019-04-01T10:38:31.827Z"}
{"level":"info","message":"Listening on port 3000...","timestamp":"2019-04-01T10:51:09.572Z"}
{"level":"info","message":"Connected to mongodb://localhost/vidly_tests...","timestamp":"2019-04-01T10:51:10.603Z"}
{"level":"info","message":"Listening on port 3000...","timestamp":"2019-04-01T10:51:18.650Z"}
{"level":"info","message":"Connected to mongodb://localhost/vidly_tests...","timestamp":"2019-04-01T10:51:19.700Z"}
{"level":"info","message":"Listening on port 3000...","timestamp":"2019-04-01T10:56:06.279Z"}
{"level":"info","message":"Connected to mongodb://localhost/vidly_tests...","timestamp":"2019-04-01T10:56:07.341Z"}
{"level":"error","message":"Genre validation failed: name: Path `name` (`1234`) is shorter than the minimum allowed length (5).","timestamp":"2019-04-01T10:56:08.453Z"}
{"level":"info","message":"Listening on port 3000...","timestamp":"2019-04-01T10:56:39.669Z"}
{"level":"info","message":"Connected to mongodb://localhost/vidly_tests...","timestamp":"2019-04-01T10:56:40.698Z"}
{"level":"error","message":"Genre validation failed: name: Path `name` (`1234`) is shorter than the minimum allowed length (5).","timestamp":"2019-04-01T10:56:41.777Z"}
{"level":"info","message":"Listening on port 3000...","timestamp":"2019-04-01T10:57:34.084Z"}
{"level":"info","message":"Connected to mongodb://localhost/vidly_tests...","timestamp":"2019-04-01T10:57:35.186Z"}
{"level":"error","message":"Genre validation failed: name: Path `name` (`1234`) is shorter than the minimum allowed length (5).","timestamp":"2019-04-01T10:57:36.295Z"}
{"level":"info","message":"Listening on port 3000...","timestamp":"2019-04-01T10:59:31.285Z"}
{"level":"info","message":"Connected to mongodb://localhost/vidly_tests...","timestamp":"2019-04-01T10:59:32.355Z"}
{"level":"error","message":"Genre validation failed: name: Path `name` (`1234`) is shorter than the minimum allowed length (5).","timestamp":"2019-04-01T10:59:33.473Z"}
{"level":"info","message":"Listening on port 3000...","timestamp":"2019-04-01T11:00:19.882Z"}
{"level":"info","message":"Connected to mongodb://localhost/vidly_tests...","timestamp":"2019-04-01T11:00:20.950Z"}
{"level":"error","message":"Genre validation failed: name: Path `name` (`1234`) is shorter than the minimum allowed length (5).","timestamp":"2019-04-01T11:00:22.049Z"}
{"level":"info","message":"Listening on port 3000...","timestamp":"2019-04-01T11:03:04.615Z"}
{"level":"info","message":"Connected to mongodb://localhost/vidly_tests...","timestamp":"2019-04-01T11:03:05.683Z"}
{"level":"error","message":"Genre validation failed: name: Path `name` (`1234`) is shorter than the minimum allowed length (5).","timestamp":"2019-04-01T11:03:06.789Z"}
{"level":"info","message":"Listening on port 3000...","timestamp":"2019-04-01T11:06:26.298Z"}
{"level":"info","message":"Connected to mongodb://localhost/vidly_tests...","timestamp":"2019-04-01T11:06:27.369Z"}
{"level":"error","message":"Genre validation failed: name: Path `name` (`1234`) is shorter than the minimum allowed length (5).","timestamp":"2019-04-01T11:06:28.489Z"}
{"level":"error","message":"Genre validation failed: name: Path `name` (`1234`) is shorter than the minimum allowed length (5).","timestamp":"2019-04-01T11:06:28.499Z"}
{"level":"info","message":"Listening on port 3000...","timestamp":"2019-04-01T11:07:45.714Z"}
{"level":"info","message":"Connected to mongodb://localhost/vidly_tests...","timestamp":"2019-04-01T11:07:46.781Z"}
{"level":"error","message":"Genre validation failed: name: Path `name` (`1234`) is shorter than the minimum allowed length (5).","timestamp":"2019-04-01T11:07:47.888Z"}
{"level":"error","message":"Genre validation failed: name: Path `name` (`aaaaaaaaaaaaaaaaaaaaaaaaaaaaaaaaaaaaaaaaaaaaaaaaaaa`) is longer than the maximum allowed length (50).","timestamp":"2019-04-01T11:07:47.896Z"}
{"level":"info","message":"Listening on port 3000...","timestamp":"2019-04-01T11:08:19.808Z"}
{"level":"info","message":"Connected to mongodb://localhost/vidly_tests...","timestamp":"2019-04-01T11:08:20.873Z"}
{"level":"error","message":"Genre validation failed: name: Path `name` (`1234`) is shorter than the minimum allowed length (5).","timestamp":"2019-04-01T11:08:21.998Z"}
{"level":"error","message":"Genre validation failed: name: Path `name` (`aaaaaaaaaaaaaaaaaaaaaaaaaaaaaaaaaaaaaaaaaaaaaaaaaaa`) is longer than the maximum allowed length (50).","timestamp":"2019-04-01T11:08:22.008Z"}
